<?xml version="1.0" encoding="UTF-8"?>
<testsuite name="guru.qa.TextBoxTests" tests="1" skipped="0" failures="0" errors="0" timestamp="2021-07-03T19:44:57" hostname="DESKTOP-KQ6GVNG" time="10.164">
  <properties/>
  <testcase name="positiveFillTest()" classname="guru.qa.TextBoxTests" time="10.164"/>
  <system-out><![CDATA[]]></system-out>
  <system-err><![CDATA[SLF4J: Failed to load class "org.slf4j.impl.StaticLoggerBinder".
SLF4J: Defaulting to no-operation (NOP) logger implementation
SLF4J: See http://www.slf4j.org/codes.html#StaticLoggerBinder for further details.
Starting ChromeDriver 91.0.4472.101 (af52a90bf87030dd1523486a1cd3ae25c5d76c9b-refs/branch-heads/4472@{#1462}) on port 26099
Only local connections are allowed.
Please see https://chromedriver.chromium.org/security-considerations for suggestions on keeping ChromeDriver safe.
ChromeDriver was started successfully.
июл 03, 2021 10:44:58 PM org.openqa.selenium.remote.ProtocolHandshake createSession
INFO: Detected dialect: W3C
]]></system-err>
</testsuite>
